# ELBREAD: Elaboration process.
# ELBREAD: Elaboration time 0.0 [s].
asim -O5 +access +w_nets +accb +accr +access +r +m+tb tb
# ELBREAD: Elaboration process.
# ELBREAD: Elaboration time 0.0 [s].
# VSIM: Stack memory: 32MB
# VSIM: Retval memory: 32MB
# 
# KERNEL: Main thread initiated.
# KERNEL: Kernel process initialization phase.
# ELAB2: Elaboration final pass...
# ELAB2: Create instances ...
# KERNEL: Time resolution set to 1ps.
# ELAB2: Create instances complete.
# SLP: Started
# SLP: Finished. Using existing simulator library
# SLP: 0 primitives and 27 (100.00%) other processes in SLP
# SLP: 0 signals in SLP and 66 (100.00%) interface signals
# ELAB2: Elaboration final pass complete - time: 0.0 [s].
# KERNEL: SLP loading done - time: 0.0 [s].
# KERNEL: Warning: You are using the Active-HDL Student Edition. The performance of simulation is running at a reduced rate.
# KERNEL: Warning: Contact Aldec for available upgrade options - sales@aldec.com.
# KERNEL: SLP simulation initialization done - time: 0.0 [s].
# KERNEL: Kernel process initialization done.
# Allocation: Simulator allocated 5418 kB (elbread=427 elab2=4856 kernel=135 sdf=0)
# KERNEL: ASDB file was created in location C:\My_Designs\FPGA-Space-Invaders\zajebista_gra_tej\game\src\wave.asdb
#  15:48, niedziela, 7 czerwca 2026
#  Simulation has been initialized
run
endsim
# KERNEL: stopped at time: 4883247600 ps
# VSIM: Simulation has finished.
asim -O5 +access +w_nets +accb +accr +access +r +m+tb tb
# ELBREAD: Elaboration process.
# ELBREAD: Elaboration time 0.0 [s].
# VSIM: Stack memory: 32MB
# VSIM: Retval memory: 32MB
# 
# KERNEL: Main thread initiated.
# KERNEL: Kernel process initialization phase.
# ELAB2: Elaboration final pass...
# ELAB2: Create instances ...
# KERNEL: Time resolution set to 1ps.
# ELAB2: Create instances complete.
# SLP: Started
# SLP: Finished. Using existing simulator library
# SLP: 0 primitives and 27 (100.00%) other processes in SLP
# SLP: 0 signals in SLP and 66 (100.00%) interface signals
# ELAB2: Elaboration final pass complete - time: 0.0 [s].
# KERNEL: SLP loading done - time: 0.0 [s].
# KERNEL: Warning: You are using the Active-HDL Student Edition. The performance of simulation is running at a reduced rate.
# KERNEL: Warning: Contact Aldec for available upgrade options - sales@aldec.com.
# KERNEL: SLP simulation initialization done - time: 0.0 [s].
# KERNEL: Kernel process initialization done.
# Allocation: Simulator allocated 5418 kB (elbread=427 elab2=4856 kernel=135 sdf=0)
# KERNEL: ASDB file was created in location C:\My_Designs\FPGA-Space-Invaders\zajebista_gra_tej\game\src\wave.asdb
#  15:49, niedziela, 7 czerwca 2026
#  Simulation has been initialized
alog -O2 -sve -msg 5 -sv2k17 -work game $dsn/src/ddr.v $dsn/src/delay.v $dsn/src/dev_i2c_phy.v $dsn/src/dev_i2c_phy_bit.v $dsn/src/dev_i2c_phy_scaler.v $dsn/src/hdmi_i2c_cfg.v $dsn/src/pll_75mhz.v $dsn/src/pong_main.v $dsn/src/pong_top.v $dsn/src/tb.v $dsn/src/uart_rx.v $dsn/src/uart_tx.v $dsn/src/vga_sync_gen.v $dsn/src/vo_phy_ddr.v
# Warning: VCP2515 ddr.v : (25, 49): Undefined module: OB was used. Port connection rules will not be checked at such instantiations.
# Warning: VCP2515 ddr.v : (28, 25): Undefined module: ODDRXE was used. Port connection rules will not be checked at such instantiations.
# Warning: VCP2515 ddr.v : (30, 40): Undefined module: VLO was used. Port connection rules will not be checked at such instantiations.
# Warning: VCP2515 ddr.v : (32, 40): Undefined module: VHI was used. Port connection rules will not be checked at such instantiations.
# Warning: VCP2515 pll_75mhz.v : (87, 47): Undefined module: EHXPLLJ was used. Port connection rules will not be checked at such instantiations.
# Unit top modules: pong_top tb uart_rx uart_tx.
# Compile success 0 Errors 5 Warnings  Analysis time: 1[s].
# done
endsim
# VSIM: Simulation has finished.
asim -O5 +access +w_nets +accb +accr +access +r +m+tb tb
# ELBREAD: Elaboration process.
# ELBREAD: Elaboration time 0.0 [s].
# VSIM: Stack memory: 32MB
# VSIM: Retval memory: 32MB
# 
# KERNEL: Main thread initiated.
# KERNEL: Kernel process initialization phase.
# ELAB2: Elaboration final pass...
# ELAB2: Create instances ...
# KERNEL: Time resolution set to 1ps.
# ELAB2: Create instances complete.
# SLP: Started
# SLP: Elaboration phase ...
# SLP: Elaboration phase ... done : 0.0 [s]
# SLP: Generation phase ...
# SLP: Generation phase ... done : 0.2 [s]
# SLP: Finished : 0.2 [s]
# SLP: 0 primitives and 28 (100.00%) other processes in SLP
# SLP: 0 signals in SLP and 71 (100.00%) interface signals
# ELAB2: Elaboration final pass complete - time: 0.3 [s].
# KERNEL: SLP loading done - time: 0.0 [s].
# KERNEL: Warning: You are using the Active-HDL Student Edition. The performance of simulation is running at a reduced rate.
# KERNEL: Warning: Contact Aldec for available upgrade options - sales@aldec.com.
# KERNEL: SLP simulation initialization done - time: 0.0 [s].
# KERNEL: Kernel process initialization done.
# Allocation: Simulator allocated 5422 kB (elbread=427 elab2=4859 kernel=135 sdf=0)
# KERNEL: ASDB file was created in location C:\My_Designs\FPGA-Space-Invaders\zajebista_gra_tej\game\src\wave.asdb
#  15:50, niedziela, 7 czerwca 2026
#  Simulation has been initialized
run
endsim
# KERNEL: stopped at time: 29041260600 ps
# VSIM: Simulation has finished.
asim -O5 +access +w_nets +accb +accr +access +r +m+tb tb
# ELBREAD: Elaboration process.
# ELBREAD: Elaboration time 0.0 [s].
# VSIM: Stack memory: 32MB
# VSIM: Retval memory: 32MB
# 
alog -O2 -sve -msg 5 -sv2k17 -work game $dsn/src/pong_main.v
# Compile success 0 Errors 0 Warnings  Analysis time: 0[s].
# done
# ELBREAD: Elaboration process.
# ELBREAD: Warning: ELBREAD_0049 The "pong_main" design unit does not have a time unit/precision defined but other design units do.
# ELBREAD: Elaboration time 0.0 [s].
# KERNEL: Main thread initiated.
# KERNEL: Kernel process initialization phase.
# ELAB2: Elaboration final pass...
# ELAB2: Create instances ...
# KERNEL: Time resolution set to 100ps.
# ELAB2: Create instances complete.
# SLP: Started
# SLP: Elaboration phase ...
# SLP: Elaboration phase ... done : 0.0 [s]
# SLP: Generation phase ...
# SLP: Generation phase ... done : 0.2 [s]
# SLP: Finished : 0.2 [s]
# SLP: 0 primitives and 28 (100.00%) other processes in SLP
# SLP: 0 signals in SLP and 71 (100.00%) interface signals
# ELAB2: Elaboration final pass complete - time: 0.2 [s].
# KERNEL: SLP loading done - time: 0.0 [s].
# KERNEL: Warning: You are using the Active-HDL Student Edition. The performance of simulation is running at a reduced rate.
# KERNEL: Warning: Contact Aldec for available upgrade options - sales@aldec.com.
# KERNEL: SLP simulation initialization done - time: 0.0 [s].
# KERNEL: Kernel process initialization done.
# Allocation: Simulator allocated 5422 kB (elbread=427 elab2=4859 kernel=135 sdf=0)
# KERNEL: ASDB file was created in location C:\My_Designs\FPGA-Space-Invaders\zajebista_gra_tej\game\src\wave.asdb
#  15:52, niedziela, 7 czerwca 2026
#  Simulation has been initialized
run
endsim
# KERNEL: stopped at time: 7188660600 ps
# VSIM: Simulation has finished.
alog -O2 -sve -msg 5 -sv2k17 -work game $dsn/src/ddr.v $dsn/src/delay.v $dsn/src/dev_i2c_phy.v $dsn/src/dev_i2c_phy_bit.v $dsn/src/dev_i2c_phy_scaler.v $dsn/src/hdmi_i2c_cfg.v $dsn/src/pll_75mhz.v $dsn/src/pong_main.v $dsn/src/pong_top.v $dsn/src/tb.v $dsn/src/uart_rx.v $dsn/src/uart_tx.v $dsn/src/vga_sync_gen.v $dsn/src/vo_phy_ddr.v
# Warning: VCP2515 ddr.v : (25, 49): Undefined module: OB was used. Port connection rules will not be checked at such instantiations.
# Warning: VCP2515 ddr.v : (28, 25): Undefined module: ODDRXE was used. Port connection rules will not be checked at such instantiations.
# Warning: VCP2515 ddr.v : (30, 40): Undefined module: VLO was used. Port connection rules will not be checked at such instantiations.
# Warning: VCP2515 ddr.v : (32, 40): Undefined module: VHI was used. Port connection rules will not be checked at such instantiations.
# Warning: VCP2515 pll_75mhz.v : (87, 47): Undefined module: EHXPLLJ was used. Port connection rules will not be checked at such instantiations.
# Unit top modules: pong_top tb uart_rx uart_tx.
# Compile success 0 Errors 5 Warnings  Analysis time: 0[s].
# done
asim -O5 +access +w_nets +accb +accr +access +r +m+tb tb
# ELBREAD: Elaboration process.
# ELBREAD: Elaboration time 0.0 [s].
# VSIM: Stack memory: 32MB
# VSIM: Retval memory: 32MB
# 
# KERNEL: Main thread initiated.
# KERNEL: Kernel process initialization phase.
# ELAB2: Elaboration final pass...
# ELAB2: Create instances ...
# KERNEL: Time resolution set to 1ps.
# ELAB2: Create instances complete.
# SLP: Started
# SLP: Elaboration phase ...
# SLP: Elaboration phase ... done : 0.0 [s]
# SLP: Generation phase ...
# SLP: Generation phase ... done : 0.2 [s]
# SLP: Finished : 0.2 [s]
# SLP: 0 primitives and 28 (100.00%) other processes in SLP
# SLP: 0 signals in SLP and 77 (100.00%) interface signals
# ELAB2: Elaboration final pass complete - time: 0.2 [s].
# KERNEL: SLP loading done - time: 0.0 [s].
# KERNEL: Warning: You are using the Active-HDL Student Edition. The performance of simulation is running at a reduced rate.
# KERNEL: Warning: Contact Aldec for available upgrade options - sales@aldec.com.
# KERNEL: SLP simulation initialization done - time: 0.0 [s].
# KERNEL: Kernel process initialization done.
# Allocation: Simulator allocated 5426 kB (elbread=427 elab2=4863 kernel=135 sdf=0)
# KERNEL: ASDB file was created in location C:\My_Designs\FPGA-Space-Invaders\zajebista_gra_tej\game\src\wave.asdb
#  15:57, niedziela, 7 czerwca 2026
#  Simulation has been initialized
run
endsim
# KERNEL: stopped at time: 155510671800 ps
# VSIM: Simulation has finished.
alog -O2 -sve -msg 5 -sv2k17 -work game $dsn/src/ddr.v $dsn/src/delay.v $dsn/src/dev_i2c_phy.v $dsn/src/dev_i2c_phy_bit.v $dsn/src/dev_i2c_phy_scaler.v $dsn/src/hdmi_i2c_cfg.v $dsn/src/pll_75mhz.v $dsn/src/pong_main.v $dsn/src/pong_top.v $dsn/src/tb.v $dsn/src/uart_rx.v $dsn/src/uart_tx.v $dsn/src/vga_sync_gen.v $dsn/src/vo_phy_ddr.v
# Warning: VCP2515 ddr.v : (25, 49): Undefined module: OB was used. Port connection rules will not be checked at such instantiations.
# Warning: VCP2515 ddr.v : (28, 25): Undefined module: ODDRXE was used. Port connection rules will not be checked at such instantiations.
# Warning: VCP2515 ddr.v : (30, 40): Undefined module: VLO was used. Port connection rules will not be checked at such instantiations.
# Warning: VCP2515 ddr.v : (32, 40): Undefined module: VHI was used. Port connection rules will not be checked at such instantiations.
# Warning: VCP2515 pll_75mhz.v : (87, 47): Undefined module: EHXPLLJ was used. Port connection rules will not be checked at such instantiations.
# Unit top modules: pong_top tb uart_rx uart_tx.
# Compile success 0 Errors 5 Warnings  Analysis time: 0[s].
# done
asim -O5 +access +w_nets +accb +accr +access +r +m+tb tb
# ELBREAD: Elaboration process.
# ELBREAD: Elaboration time 0.0 [s].
# VSIM: Stack memory: 32MB
# VSIM: Retval memory: 32MB
# 
# KERNEL: Main thread initiated.
# KERNEL: Kernel process initialization phase.
# ELAB2: Elaboration final pass...
# ELAB2: Create instances ...
# KERNEL: Time resolution set to 1ps.
# ELAB2: Create instances complete.
# SLP: Started
# SLP: Elaboration phase ...
# SLP: Elaboration phase ... done : 0.0 [s]
# SLP: Generation phase ...
# SLP: Generation phase ... done : 0.2 [s]
# SLP: Finished : 0.2 [s]
# SLP: 0 primitives and 28 (100.00%) other processes in SLP
# SLP: 0 signals in SLP and 77 (100.00%) interface signals
# ELAB2: Elaboration final pass complete - time: 0.2 [s].
# KERNEL: SLP loading done - time: 0.0 [s].
# KERNEL: Warning: You are using the Active-HDL Student Edition. The performance of simulation is running at a reduced rate.
# KERNEL: Warning: Contact Aldec for available upgrade options - sales@aldec.com.
# KERNEL: SLP simulation initialization done - time: 0.0 [s].
# KERNEL: Kernel process initialization done.
# Allocation: Simulator allocated 5426 kB (elbread=427 elab2=4863 kernel=135 sdf=0)
# KERNEL: ASDB file was created in location C:\My_Designs\FPGA-Space-Invaders\zajebista_gra_tej\game\src\wave.asdb
#  16:05, niedziela, 7 czerwca 2026
#  Simulation has been initialized
run
endsim
# KERNEL: stopped at time: 35517576600 ps
# VSIM: Simulation has finished.
asim -O5 +access +w_nets +accb +accr +access +r +m+tb tb
# ELBREAD: Elaboration process.
# ELBREAD: Elaboration time 0.0 [s].
# VSIM: Stack memory: 32MB
# VSIM: Retval memory: 32MB
# 
alog -O2 -sve -msg 5 -sv2k17 -work game $dsn/src/pong_main.v
# Compile success 0 Errors 0 Warnings  Analysis time: 0[s].
# done
# ELBREAD: Elaboration process.
# ELBREAD: Warning: ELBREAD_0049 The "pong_main" design unit does not have a time unit/precision defined but other design units do.
# ELBREAD: Elaboration time 0.0 [s].
# KERNEL: Main thread initiated.
# KERNEL: Kernel process initialization phase.
# ELAB2: Elaboration final pass...
# ELAB2: Create instances ...
# KERNEL: Time resolution set to 100ps.
# ELAB2: Create instances complete.
# SLP: Started
# SLP: Elaboration phase ...
# SLP: Elaboration phase ... done : 0.0 [s]
# SLP: Generation phase ...
# SLP: Generation phase ... done : 0.2 [s]
# SLP: Finished : 0.2 [s]
# SLP: 0 primitives and 28 (100.00%) other processes in SLP
# SLP: 0 signals in SLP and 77 (100.00%) interface signals
# ELAB2: Elaboration final pass complete - time: 0.3 [s].
# KERNEL: SLP loading done - time: 0.0 [s].
# KERNEL: Warning: You are using the Active-HDL Student Edition. The performance of simulation is running at a reduced rate.
# KERNEL: Warning: Contact Aldec for available upgrade options - sales@aldec.com.
# KERNEL: SLP simulation initialization done - time: 0.0 [s].
# KERNEL: Kernel process initialization done.
# Allocation: Simulator allocated 5426 kB (elbread=427 elab2=4863 kernel=135 sdf=0)
# KERNEL: ASDB file was created in location C:\My_Designs\FPGA-Space-Invaders\zajebista_gra_tej\game\src\wave.asdb
#  16:07, niedziela, 7 czerwca 2026
#  Simulation has been initialized
run
endsim
# KERNEL: stopped at time: 44810917800 ps
# VSIM: Simulation has finished.
asim -O5 +access +w_nets +accb +accr +access +r +m+tb tb
# ELBREAD: Elaboration process.
# ELBREAD: Warning: ELBREAD_0049 The "pong_main" design unit does not have a time unit/precision defined but other design units do.
# ELBREAD: Elaboration time 0.0 [s].
# VSIM: Stack memory: 32MB
# VSIM: Retval memory: 32MB
# 
alog -O2 -sve -msg 5 -sv2k17 -work game $dsn/src/pong_main.v
# Compile success 0 Errors 0 Warnings  Analysis time: 0[s].
# done
# ELBREAD: Elaboration process.
# ELBREAD: Warning: ELBREAD_0049 The "pong_main" design unit does not have a time unit/precision defined but other design units do.
# ELBREAD: Elaboration time 0.0 [s].
# KERNEL: Main thread initiated.
# KERNEL: Kernel process initialization phase.
# ELAB2: Elaboration final pass...
# ELAB2: Create instances ...
# KERNEL: Time resolution set to 100ps.
# ELAB2: Create instances complete.
# SLP: Started
# SLP: Elaboration phase ...
# SLP: Elaboration phase ... done : 0.0 [s]
# SLP: Generation phase ...
# SLP: Generation phase ... done : 0.2 [s]
# SLP: Finished : 0.2 [s]
# SLP: 0 primitives and 28 (100.00%) other processes in SLP
# SLP: 0 signals in SLP and 77 (100.00%) interface signals
# ELAB2: Elaboration final pass complete - time: 0.2 [s].
# KERNEL: SLP loading done - time: 0.0 [s].
# KERNEL: Warning: You are using the Active-HDL Student Edition. The performance of simulation is running at a reduced rate.
# KERNEL: Warning: Contact Aldec for available upgrade options - sales@aldec.com.
# KERNEL: SLP simulation initialization done - time: 0.0 [s].
# KERNEL: Kernel process initialization done.
# Allocation: Simulator allocated 5426 kB (elbread=427 elab2=4863 kernel=135 sdf=0)
# KERNEL: ASDB file was created in location C:\My_Designs\FPGA-Space-Invaders\zajebista_gra_tej\game\src\wave.asdb
#  16:09, niedziela, 7 czerwca 2026
#  Simulation has been initialized
run
endsim
# KERNEL: stopped at time: 4276925400 ps
# VSIM: Simulation has finished.
alog -O2 -sve -msg 5 -sv2k17 -work game $dsn/src/ddr.v $dsn/src/delay.v $dsn/src/dev_i2c_phy.v $dsn/src/dev_i2c_phy_bit.v $dsn/src/dev_i2c_phy_scaler.v $dsn/src/hdmi_i2c_cfg.v $dsn/src/pll_75mhz.v $dsn/src/pong_main.v $dsn/src/pong_top.v $dsn/src/tb.v $dsn/src/uart_rx.v $dsn/src/uart_tx.v $dsn/src/vga_sync_gen.v $dsn/src/vo_phy_ddr.v
# Warning: VCP2515 ddr.v : (25, 49): Undefined module: OB was used. Port connection rules will not be checked at such instantiations.
# Warning: VCP2515 ddr.v : (28, 25): Undefined module: ODDRXE was used. Port connection rules will not be checked at such instantiations.
# Warning: VCP2515 ddr.v : (30, 40): Undefined module: VLO was used. Port connection rules will not be checked at such instantiations.
# Warning: VCP2515 ddr.v : (32, 40): Undefined module: VHI was used. Port connection rules will not be checked at such instantiations.
# Warning: VCP2515 pll_75mhz.v : (87, 47): Undefined module: EHXPLLJ was used. Port connection rules will not be checked at such instantiations.
# Unit top modules: pong_top tb uart_rx uart_tx.
# Compile success 0 Errors 5 Warnings  Analysis time: 0[s].
# done
asim -O5 +access +w_nets +accb +accr +access +r +m+tb tb
# ELBREAD: Elaboration process.
# ELBREAD: Elaboration time 0.0 [s].
# VSIM: Stack memory: 32MB
# VSIM: Retval memory: 32MB
# 
# KERNEL: Main thread initiated.
# KERNEL: Kernel process initialization phase.
# ELAB2: Elaboration final pass...
# ELAB2: Create instances ...
# KERNEL: Time resolution set to 1ps.
# ELAB2: Create instances complete.
# SLP: Started
# SLP: Elaboration phase ...
# SLP: Elaboration phase ... done : 0.0 [s]
# SLP: Generation phase ...
# SLP: Generation phase ... done : 0.2 [s]
# SLP: Finished : 0.2 [s]
# SLP: 0 primitives and 28 (100.00%) other processes in SLP
# SLP: 0 signals in SLP and 77 (100.00%) interface signals
# ELAB2: Elaboration final pass complete - time: 0.2 [s].
# KERNEL: SLP loading done - time: 0.0 [s].
# KERNEL: Warning: You are using the Active-HDL Student Edition. The performance of simulation is running at a reduced rate.
# KERNEL: Warning: Contact Aldec for available upgrade options - sales@aldec.com.
# KERNEL: SLP simulation initialization done - time: 0.0 [s].
# KERNEL: Kernel process initialization done.
# Allocation: Simulator allocated 5426 kB (elbread=427 elab2=4863 kernel=135 sdf=0)
# KERNEL: ASDB file was created in location C:\My_Designs\FPGA-Space-Invaders\zajebista_gra_tej\game\src\wave.asdb
#  16:10, niedziela, 7 czerwca 2026
#  Simulation has been initialized
run
endsim
# KERNEL: stopped at time: 25068060600 ps
# VSIM: Simulation has finished.
asim -O5 +access +w_nets +accb +accr +access +r +m+tb tb
# ELBREAD: Elaboration process.
# ELBREAD: Elaboration time 0.0 [s].
# VSIM: Stack memory: 32MB
# VSIM: Retval memory: 32MB
# 
alog -O2 -sve -msg 5 -sv2k17 -work game $dsn/src/pong_main.v
# Compile success 0 Errors 0 Warnings  Analysis time: 0[s].
# done
# ELBREAD: Elaboration process.
# ELBREAD: Warning: ELBREAD_0049 The "pong_main" design unit does not have a time unit/precision defined but other design units do.
# ELBREAD: Elaboration time 0.0 [s].
# KERNEL: Main thread initiated.
# KERNEL: Kernel process initialization phase.
# ELAB2: Elaboration final pass...
# ELAB2: Create instances ...
# KERNEL: Time resolution set to 100ps.
# ELAB2: Create instances complete.
# SLP: Started
# SLP: Elaboration phase ...
# SLP: Elaboration phase ... done : 0.0 [s]
# SLP: Generation phase ...
# SLP: Generation phase ... done : 0.2 [s]
# SLP: Finished : 0.2 [s]
# SLP: 0 primitives and 28 (100.00%) other processes in SLP
# SLP: 0 signals in SLP and 77 (100.00%) interface signals
# ELAB2: Elaboration final pass complete - time: 0.3 [s].
# KERNEL: SLP loading done - time: 0.0 [s].
# KERNEL: Warning: You are using the Active-HDL Student Edition. The performance of simulation is running at a reduced rate.
# KERNEL: Warning: Contact Aldec for available upgrade options - sales@aldec.com.
# KERNEL: SLP simulation initialization done - time: 0.0 [s].
# KERNEL: Kernel process initialization done.
# Allocation: Simulator allocated 5426 kB (elbread=427 elab2=4863 kernel=135 sdf=0)
# KERNEL: ASDB file was created in location C:\My_Designs\FPGA-Space-Invaders\zajebista_gra_tej\game\src\wave.asdb
#  16:11, niedziela, 7 czerwca 2026
#  Simulation has been initialized
run
endsim
# KERNEL: stopped at time: 14777987400 ps
# VSIM: Simulation has finished.
asim -O5 +access +w_nets +accb +accr +access +r +m+tb tb
# ELBREAD: Elaboration process.
# ELBREAD: Warning: ELBREAD_0049 The "pong_main" design unit does not have a time unit/precision defined but other design units do.
# ELBREAD: Elaboration time 0.0 [s].
# VSIM: Stack memory: 32MB
# VSIM: Retval memory: 32MB
# 
alog -O2 -sve -msg 5 -sv2k17 -work game $dsn/src/pong_main.v
# Compile success 0 Errors 0 Warnings  Analysis time: 0[s].
# done
# ELBREAD: Elaboration process.
# ELBREAD: Warning: ELBREAD_0049 The "pong_main" design unit does not have a time unit/precision defined but other design units do.
# ELBREAD: Elaboration time 0.0 [s].
# KERNEL: Main thread initiated.
# KERNEL: Kernel process initialization phase.
# ELAB2: Elaboration final pass...
# ELAB2: Create instances ...
# KERNEL: Time resolution set to 100ps.
# ELAB2: Create instances complete.
# SLP: Started
# SLP: Elaboration phase ...
# SLP: Elaboration phase ... done : 0.0 [s]
# SLP: Generation phase ...
# SLP: Generation phase ... done : 0.2 [s]
# SLP: Finished : 0.3 [s]
# SLP: 0 primitives and 28 (100.00%) other processes in SLP
# SLP: 0 signals in SLP and 77 (100.00%) interface signals
# ELAB2: Elaboration final pass complete - time: 0.3 [s].
# KERNEL: SLP loading done - time: 0.0 [s].
# KERNEL: Warning: You are using the Active-HDL Student Edition. The performance of simulation is running at a reduced rate.
# KERNEL: Warning: Contact Aldec for available upgrade options - sales@aldec.com.
# KERNEL: SLP simulation initialization done - time: 0.0 [s].
# KERNEL: Kernel process initialization done.
# Allocation: Simulator allocated 5426 kB (elbread=427 elab2=4863 kernel=135 sdf=0)
# KERNEL: ASDB file was created in location C:\My_Designs\FPGA-Space-Invaders\zajebista_gra_tej\game\src\wave.asdb
#  16:14, niedziela, 7 czerwca 2026
#  Simulation has been initialized
run
endsim
# KERNEL: stopped at time: 32497944600 ps
# VSIM: Simulation has finished.
alog -O2 -sve -msg 5 -sv2k17 -work game $dsn/src/ddr.v $dsn/src/delay.v $dsn/src/dev_i2c_phy.v $dsn/src/dev_i2c_phy_bit.v $dsn/src/dev_i2c_phy_scaler.v $dsn/src/hdmi_i2c_cfg.v $dsn/src/pll_75mhz.v $dsn/src/pong_main.v $dsn/src/pong_top.v $dsn/src/tb.v $dsn/src/uart_rx.v $dsn/src/uart_tx.v $dsn/src/vga_sync_gen.v $dsn/src/vo_phy_ddr.v
# Warning: VCP2515 ddr.v : (25, 49): Undefined module: OB was used. Port connection rules will not be checked at such instantiations.
# Warning: VCP2515 ddr.v : (28, 25): Undefined module: ODDRXE was used. Port connection rules will not be checked at such instantiations.
# Warning: VCP2515 ddr.v : (30, 40): Undefined module: VLO was used. Port connection rules will not be checked at such instantiations.
# Warning: VCP2515 ddr.v : (32, 40): Undefined module: VHI was used. Port connection rules will not be checked at such instantiations.
# Warning: VCP2515 pll_75mhz.v : (87, 47): Undefined module: EHXPLLJ was used. Port connection rules will not be checked at such instantiations.
# Unit top modules: pong_top tb uart_rx uart_tx.
# Compile success 0 Errors 5 Warnings  Analysis time: 0[s].
# done
asim -O5 +access +w_nets +accb +accr +access +r +m+tb tb
# ELBREAD: Elaboration process.
# ELBREAD: Elaboration time 0.0 [s].
# VSIM: Stack memory: 32MB
# VSIM: Retval memory: 32MB
# 
# KERNEL: Main thread initiated.
# KERNEL: Kernel process initialization phase.
# ELAB2: Elaboration final pass...
# ELAB2: Create instances ...
# KERNEL: Time resolution set to 1ps.
# ELAB2: Create instances complete.
# SLP: Started
# SLP: Elaboration phase ...
# SLP: Elaboration phase ... done : 0.0 [s]
# SLP: Generation phase ...
# SLP: Generation phase ... done : 0.2 [s]
# SLP: Finished : 0.2 [s]
# SLP: 0 primitives and 28 (100.00%) other processes in SLP
# SLP: 0 signals in SLP and 78 (100.00%) interface signals
# ELAB2: Elaboration final pass complete - time: 0.2 [s].
# KERNEL: SLP loading done - time: 0.0 [s].
# KERNEL: Warning: You are using the Active-HDL Student Edition. The performance of simulation is running at a reduced rate.
# KERNEL: Warning: Contact Aldec for available upgrade options - sales@aldec.com.
# KERNEL: SLP simulation initialization done - time: 0.0 [s].
# KERNEL: Kernel process initialization done.
# Allocation: Simulator allocated 5429 kB (elbread=427 elab2=4866 kernel=135 sdf=0)
# KERNEL: ASDB file was created in location C:\My_Designs\FPGA-Space-Invaders\zajebista_gra_tej\game\src\wave.asdb
#  16:35, niedziela, 7 czerwca 2026
#  Simulation has been initialized
run
endsim
# KERNEL: stopped at time: 68137548600 ps
# VSIM: Simulation has finished.
asim -O5 +access +w_nets +accb +accr +access +r +m+tb tb
# ELBREAD: Elaboration process.
# ELBREAD: Elaboration time 0.0 [s].
# VSIM: Stack memory: 32MB
# VSIM: Retval memory: 32MB
# 
# KERNEL: Main thread initiated.
# KERNEL: Kernel process initialization phase.
# ELAB2: Elaboration final pass...
# ELAB2: Create instances ...
# KERNEL: Time resolution set to 1ps.
# ELAB2: Create instances complete.
# SLP: Started
# SLP: Finished. Using existing simulator library
# SLP: 0 primitives and 28 (100.00%) other processes in SLP
# SLP: 0 signals in SLP and 78 (100.00%) interface signals
# ELAB2: Elaboration final pass complete - time: 0.0 [s].
# KERNEL: SLP loading done - time: 0.0 [s].
# KERNEL: Warning: You are using the Active-HDL Student Edition. The performance of simulation is running at a reduced rate.
# KERNEL: Warning: Contact Aldec for available upgrade options - sales@aldec.com.
# KERNEL: SLP simulation initialization done - time: 0.0 [s].
# KERNEL: Kernel process initialization done.
# Allocation: Simulator allocated 5429 kB (elbread=427 elab2=4866 kernel=135 sdf=0)
# KERNEL: ASDB file was created in location C:\My_Designs\FPGA-Space-Invaders\zajebista_gra_tej\game\src\wave.asdb
#  16:38, niedziela, 7 czerwca 2026
#  Simulation has been initialized
run
endsim
# KERNEL: stopped at time: 37632012 ns
# VSIM: Simulation has finished.
alog -O2 -sve -msg 5 -sv2k17 -work game $dsn/src/ddr.v $dsn/src/delay.v $dsn/src/dev_i2c_phy.v $dsn/src/dev_i2c_phy_bit.v $dsn/src/dev_i2c_phy_scaler.v $dsn/src/hdmi_i2c_cfg.v $dsn/src/pll_75mhz.v $dsn/src/pong_main.v $dsn/src/pong_top.v $dsn/src/tb.v $dsn/src/uart_rx.v $dsn/src/uart_tx.v $dsn/src/vga_sync_gen.v $dsn/src/vo_phy_ddr.v
# Warning: VCP2515 ddr.v : (25, 49): Undefined module: OB was used. Port connection rules will not be checked at such instantiations.
# Warning: VCP2515 ddr.v : (28, 25): Undefined module: ODDRXE was used. Port connection rules will not be checked at such instantiations.
# Warning: VCP2515 ddr.v : (30, 40): Undefined module: VLO was used. Port connection rules will not be checked at such instantiations.
# Warning: VCP2515 ddr.v : (32, 40): Undefined module: VHI was used. Port connection rules will not be checked at such instantiations.
# Warning: VCP2515 pll_75mhz.v : (87, 47): Undefined module: EHXPLLJ was used. Port connection rules will not be checked at such instantiations.
# Unit top modules: pong_top tb uart_rx uart_tx.
# Compile success 0 Errors 5 Warnings  Analysis time: 0[s].
# done
asim -O5 +access +w_nets +accb +accr +access +r +m+tb tb
# ELBREAD: Elaboration process.
# ELBREAD: Elaboration time 0.0 [s].
# VSIM: Stack memory: 32MB
# VSIM: Retval memory: 32MB
# 
# KERNEL: Main thread initiated.
# KERNEL: Kernel process initialization phase.
# ELAB2: Elaboration final pass...
# ELAB2: Create instances ...
# KERNEL: Time resolution set to 1ps.
# ELAB2: Create instances complete.
# SLP: Started
# SLP: Elaboration phase ...
# SLP: Elaboration phase ... done : 0.0 [s]
# SLP: Generation phase ...
# SLP: Generation phase ... done : 0.2 [s]
# SLP: Finished : 0.3 [s]
# SLP: 0 primitives and 28 (100.00%) other processes in SLP
# SLP: 0 signals in SLP and 79 (100.00%) interface signals
# ELAB2: Elaboration final pass complete - time: 0.3 [s].
# KERNEL: SLP loading done - time: 0.0 [s].
# KERNEL: Warning: You are using the Active-HDL Student Edition. The performance of simulation is running at a reduced rate.
# KERNEL: Warning: Contact Aldec for available upgrade options - sales@aldec.com.
# KERNEL: SLP simulation initialization done - time: 0.0 [s].
# KERNEL: Kernel process initialization done.
# Allocation: Simulator allocated 5438 kB (elbread=427 elab2=4875 kernel=135 sdf=0)
# KERNEL: ASDB file was created in location C:\My_Designs\FPGA-Space-Invaders\zajebista_gra_tej\game\src\wave.asdb
#  16:48, niedziela, 7 czerwca 2026
#  Simulation has been initialized
run
alog -O2 -sve -msg 5 -sv2k17 -work game $dsn/src/ddr.v $dsn/src/delay.v $dsn/src/dev_i2c_phy.v $dsn/src/dev_i2c_phy_bit.v $dsn/src/dev_i2c_phy_scaler.v $dsn/src/hdmi_i2c_cfg.v $dsn/src/pll_75mhz.v $dsn/src/pong_main.v $dsn/src/pong_top.v $dsn/src/tb.v $dsn/src/uart_rx.v $dsn/src/uart_tx.v $dsn/src/vga_sync_gen.v $dsn/src/vo_phy_ddr.v
# Warning: VCP2515 ddr.v : (25, 49): Undefined module: OB was used. Port connection rules will not be checked at such instantiations.
# Warning: VCP2515 ddr.v : (28, 25): Undefined module: ODDRXE was used. Port connection rules will not be checked at such instantiations.
# Warning: VCP2515 ddr.v : (30, 40): Undefined module: VLO was used. Port connection rules will not be checked at such instantiations.
# Warning: VCP2515 ddr.v : (32, 40): Undefined module: VHI was used. Port connection rules will not be checked at such instantiations.
# Warning: VCP2515 pll_75mhz.v : (87, 47): Undefined module: EHXPLLJ was used. Port connection rules will not be checked at such instantiations.
# Unit top modules: pong_top tb uart_rx uart_tx.
# Compile success 0 Errors 5 Warnings  Analysis time: 0[s].
# done
endsim
# KERNEL: stopped at time: 65287219800 ps
# VSIM: Simulation has finished.
asim -O5 +access +w_nets +accb +accr +access +r +m+tb tb
# ELBREAD: Elaboration process.
# ELBREAD: Elaboration time 0.0 [s].
# VSIM: Stack memory: 32MB
# VSIM: Retval memory: 32MB
# 
# KERNEL: Main thread initiated.
# KERNEL: Kernel process initialization phase.
# ELAB2: Elaboration final pass...
# ELAB2: Create instances ...
# KERNEL: Time resolution set to 1ps.
# ELAB2: Create instances complete.
# SLP: Started
# SLP: Elaboration phase ...
# SLP: Elaboration phase ... done : 0.0 [s]
# SLP: Generation phase ...
# SLP: Generation phase ... done : 0.2 [s]
# SLP: Finished : 0.2 [s]
# SLP: 0 primitives and 28 (100.00%) other processes in SLP
# SLP: 0 signals in SLP and 79 (100.00%) interface signals
# ELAB2: Elaboration final pass complete - time: 0.2 [s].
# KERNEL: SLP loading done - time: 0.0 [s].
# KERNEL: Warning: You are using the Active-HDL Student Edition. The performance of simulation is running at a reduced rate.
# KERNEL: Warning: Contact Aldec for available upgrade options - sales@aldec.com.
# KERNEL: SLP simulation initialization done - time: 0.0 [s].
# KERNEL: Kernel process initialization done.
# Allocation: Simulator allocated 5438 kB (elbread=427 elab2=4875 kernel=135 sdf=0)
# KERNEL: ASDB file was created in location C:\My_Designs\FPGA-Space-Invaders\zajebista_gra_tej\game\src\wave.asdb
#  16:51, niedziela, 7 czerwca 2026
#  Simulation has been initialized
run
endsim
# KERNEL: stopped at time: 4549234800 ps
# VSIM: Simulation has finished.
asim -O5 +access +w_nets +accb +accr +access +r +m+tb tb
# ELBREAD: Elaboration process.
# ELBREAD: Elaboration time 0.0 [s].
# VSIM: Stack memory: 32MB
# VSIM: Retval memory: 32MB
# 
alog -O2 -sve -msg 5 -sv2k17 -work game $dsn/src/pong_main.v
# Compile success 0 Errors 0 Warnings  Analysis time: 0[s].
# done
# ELBREAD: Elaboration process.
# ELBREAD: Warning: ELBREAD_0049 The "pong_main" design unit does not have a time unit/precision defined but other design units do.
# ELBREAD: Elaboration time 0.0 [s].
# KERNEL: Main thread initiated.
# KERNEL: Kernel process initialization phase.
# ELAB2: Elaboration final pass...
# ELAB2: Create instances ...
# KERNEL: Time resolution set to 100ps.
# ELAB2: Create instances complete.
# SLP: Started
# SLP: Elaboration phase ...
# SLP: Elaboration phase ... done : 0.0 [s]
# SLP: Generation phase ...
# SLP: Generation phase ... done : 0.2 [s]
# SLP: Finished : 0.3 [s]
# SLP: 0 primitives and 28 (100.00%) other processes in SLP
# SLP: 0 signals in SLP and 79 (100.00%) interface signals
# ELAB2: Elaboration final pass complete - time: 0.3 [s].
# KERNEL: SLP loading done - time: 0.0 [s].
# KERNEL: Warning: You are using the Active-HDL Student Edition. The performance of simulation is running at a reduced rate.
# KERNEL: Warning: Contact Aldec for available upgrade options - sales@aldec.com.
# KERNEL: SLP simulation initialization done - time: 0.0 [s].
# KERNEL: Kernel process initialization done.
# Allocation: Simulator allocated 5438 kB (elbread=427 elab2=4875 kernel=135 sdf=0)
# KERNEL: ASDB file was created in location C:\My_Designs\FPGA-Space-Invaders\zajebista_gra_tej\game\src\wave.asdb
#  16:52, niedziela, 7 czerwca 2026
#  Simulation has been initialized
run
endsim
# KERNEL: stopped at time: 1477654200 ps
# VSIM: Simulation has finished.
asim -O5 +access +w_nets +accb +accr +access +r +m+tb tb
# ELBREAD: Elaboration process.
# ELBREAD: Warning: ELBREAD_0049 The "pong_main" design unit does not have a time unit/precision defined but other design units do.
# ELBREAD: Elaboration time 0.0 [s].
# VSIM: Stack memory: 32MB
# VSIM: Retval memory: 32MB
# 
# KERNEL: Main thread initiated.
# KERNEL: Kernel process initialization phase.
# ELAB2: Elaboration final pass...
# ELAB2: Create instances ...
# KERNEL: Time resolution set to 100ps.
# ELAB2: Create instances complete.
# SLP: Started
# SLP: Finished. Using existing simulator library
# SLP: 0 primitives and 28 (100.00%) other processes in SLP
# SLP: 0 signals in SLP and 79 (100.00%) interface signals
# ELAB2: Elaboration final pass complete - time: 0.0 [s].
# KERNEL: SLP loading done - time: 0.0 [s].
# KERNEL: Warning: You are using the Active-HDL Student Edition. The performance of simulation is running at a reduced rate.
# KERNEL: Warning: Contact Aldec for available upgrade options - sales@aldec.com.
# KERNEL: SLP simulation initialization done - time: 0.0 [s].
# KERNEL: Kernel process initialization done.
# Allocation: Simulator allocated 5438 kB (elbread=427 elab2=4875 kernel=135 sdf=0)
# KERNEL: ASDB file was created in location C:\My_Designs\FPGA-Space-Invaders\zajebista_gra_tej\game\src\wave.asdb
#  16:52, niedziela, 7 czerwca 2026
#  Simulation has been initialized
run
endsim
# KERNEL: stopped at time: 6566498400 ps
# VSIM: Simulation has finished.
alog -O2 -sve -msg 5 -sv2k17 -work game $dsn/src/ddr.v $dsn/src/delay.v $dsn/src/dev_i2c_phy.v $dsn/src/dev_i2c_phy_bit.v $dsn/src/dev_i2c_phy_scaler.v $dsn/src/hdmi_i2c_cfg.v $dsn/src/pll_75mhz.v $dsn/src/pong_main.v $dsn/src/pong_top.v $dsn/src/tb.v $dsn/src/uart_rx.v $dsn/src/uart_tx.v $dsn/src/vga_sync_gen.v $dsn/src/vo_phy_ddr.v
# Warning: VCP2515 ddr.v : (25, 49): Undefined module: OB was used. Port connection rules will not be checked at such instantiations.
# Warning: VCP2515 ddr.v : (28, 25): Undefined module: ODDRXE was used. Port connection rules will not be checked at such instantiations.
# Warning: VCP2515 ddr.v : (30, 40): Undefined module: VLO was used. Port connection rules will not be checked at such instantiations.
# Warning: VCP2515 ddr.v : (32, 40): Undefined module: VHI was used. Port connection rules will not be checked at such instantiations.
# Warning: VCP2515 pll_75mhz.v : (87, 47): Undefined module: EHXPLLJ was used. Port connection rules will not be checked at such instantiations.
# Unit top modules: pong_top tb uart_rx uart_tx.
# Compile success 0 Errors 5 Warnings  Analysis time: 0[s].
# done
asim -O5 +access +w_nets +accb +accr +access +r +m+tb tb
# ELBREAD: Elaboration process.
# ELBREAD: Elaboration time 0.0 [s].
# VSIM: Stack memory: 32MB
# VSIM: Retval memory: 32MB
# 
# KERNEL: Main thread initiated.
# KERNEL: Kernel process initialization phase.
# ELAB2: Elaboration final pass...
# ELAB2: Create instances ...
# KERNEL: Time resolution set to 1ps.
# ELAB2: Create instances complete.
# SLP: Started
# SLP: Elaboration phase ...
# SLP: Elaboration phase ... done : 0.0 [s]
# SLP: Generation phase ...
# SLP: Generation phase ... done : 0.2 [s]
# SLP: Finished : 0.3 [s]
# SLP: 0 primitives and 28 (100.00%) other processes in SLP
# SLP: 0 signals in SLP and 79 (100.00%) interface signals
# ELAB2: Elaboration final pass complete - time: 0.3 [s].
# KERNEL: SLP loading done - time: 0.0 [s].
# KERNEL: Warning: You are using the Active-HDL Student Edition. The performance of simulation is running at a reduced rate.
# KERNEL: Warning: Contact Aldec for available upgrade options - sales@aldec.com.
# KERNEL: SLP simulation initialization done - time: 0.0 [s].
# KERNEL: Kernel process initialization done.
# Allocation: Simulator allocated 5438 kB (elbread=427 elab2=4875 kernel=135 sdf=0)
# KERNEL: ASDB file was created in location C:\My_Designs\FPGA-Space-Invaders\zajebista_gra_tej\game\src\wave.asdb
#  16:53, niedziela, 7 czerwca 2026
#  Simulation has been initialized
run
endsim
# KERNEL: stopped at time: 147601548600 ps
# VSIM: Simulation has finished.
